<?xml version="1.0" encoding="UTF-8"?>
<!-- Generated by org.testng.reporters.JUnitReportReporter -->
<testsuite hostname="DESKTOP-6P3PPLD" failures="0" tests="2" name="amazontest.AddTocart" time="58.543" errors="0" timestamp="2024-02-19T11:50:36 IST" skipped="0">
  <testcase classname="amazontest.AddTocart" name="openApp" time="19.293"/>
  <testcase classname="amazontest.AddTocart" name="addToCart" time="39.250"/>
</testsuite> <!-- amazontest.AddTocart -->
